# inspector: joints and sensors
# joints: name qpos qvel
# sensors: name type dim data...
t=0.000000
J hip qpos=0.000000 qvel=0.000000
t=0.100000
J hip qpos=0.000000 qvel=0.000000
t=0.200000
J hip qpos=0.000000 qvel=0.000000
t=0.300000
J hip qpos=0.000000 qvel=0.000000
t=0.400000
J hip qpos=0.000000 qvel=0.000000
t=0.500000
J hip qpos=0.000000 qvel=0.000000
t=0.600000
J hip qpos=0.000000 qvel=0.000000
t=0.700000
J hip qpos=0.000000 qvel=0.000000
t=0.800000
J hip qpos=0.000000 qvel=0.000000
t=0.900000
J hip qpos=0.000000 qvel=0.000000
t=1.000000
J hip qpos=0.000000 qvel=0.000000
t=1.100000
J hip qpos=0.000000 qvel=0.000000
t=1.200000
J hip qpos=0.000000 qvel=0.000000
t=1.300000
J hip qpos=0.000000 qvel=0.000000
t=1.400000
J hip qpos=0.000000 qvel=0.000000
t=1.500000
J hip qpos=0.000000 qvel=0.000000
t=1.600000
J hip qpos=0.000000 qvel=0.000000
t=1.700000
J hip qpos=0.000000 qvel=0.000000
t=1.800000
J hip qpos=0.000000 qvel=0.000000
t=1.900000
J hip qpos=0.000000 qvel=0.000000
t=2.000000
J hip qpos=0.000000 qvel=0.000000
t=2.102000
J hip qpos=0.000000 qvel=0.000000
t=2.204000
J hip qpos=0.000000 qvel=0.000000
t=2.306000
J hip qpos=0.000000 qvel=0.000000
t=2.408000
J hip qpos=0.000000 qvel=0.000000
t=2.510000
J hip qpos=0.000000 qvel=0.000000
t=2.612000
J hip qpos=0.000000 qvel=0.000000
t=2.714000
J hip qpos=0.000000 qvel=0.000000
t=2.816000
J hip qpos=0.000000 qvel=0.000000
t=2.918000
J hip qpos=0.000000 qvel=0.000000
t=3.020000
J hip qpos=0.000000 qvel=0.000000
t=3.122000
J hip qpos=0.000000 qvel=0.000000
t=3.224000
J hip qpos=0.000000 qvel=0.000000
t=3.326000
J hip qpos=0.000000 qvel=0.000000
t=3.428000
J hip qpos=0.000000 qvel=0.000000
t=3.530000
J hip qpos=0.000000 qvel=0.000000
t=3.632000
J hip qpos=0.000000 qvel=0.000000
t=3.734000
J hip qpos=0.000000 qvel=0.000000
t=3.836000
J hip qpos=0.000000 qvel=0.000000
t=3.938000
J hip qpos=0.000000 qvel=0.000000
t=4.040000
J hip qpos=0.000000 qvel=0.000000
t=4.142000
J hip qpos=0.000000 qvel=0.000000
t=4.244000
J hip qpos=0.000000 qvel=0.000000
t=4.346000
J hip qpos=0.000000 qvel=0.000000
t=4.448000
J hip qpos=0.000000 qvel=0.000000
t=4.550000
J hip qpos=0.000000 qvel=0.000000
t=4.652000
J hip qpos=0.000000 qvel=0.000000
t=4.754000
J hip qpos=0.000000 qvel=0.000000
t=4.856000
J hip qpos=0.000000 qvel=0.000000
t=4.958000
J hip qpos=0.000000 qvel=0.000000
t=5.060000
J hip qpos=0.000000 qvel=0.000000
t=5.162000
J hip qpos=0.000000 qvel=0.000000
t=5.264000
J hip qpos=0.000000 qvel=0.000000
t=5.366000
J hip qpos=0.000000 qvel=0.000000
t=5.468000
J hip qpos=0.000000 qvel=0.000000
t=5.570000
J hip qpos=0.000000 qvel=0.000000
t=5.672000
J hip qpos=0.000000 qvel=0.000000
t=5.774000
J hip qpos=0.000000 qvel=0.000000
t=5.876000
J hip qpos=0.000000 qvel=0.000000
t=5.978000
J hip qpos=0.000000 qvel=0.000000
t=6.080000
J hip qpos=0.000000 qvel=0.000000
t=6.182000
J hip qpos=0.000000 qvel=0.000000
t=6.284000
J hip qpos=0.000000 qvel=0.000000
t=6.386000
J hip qpos=0.000000 qvel=0.000000
t=6.488000
J hip qpos=0.000000 qvel=0.000000
t=6.590000
J hip qpos=0.000000 qvel=0.000000
t=6.692000
J hip qpos=0.000000 qvel=0.000000
t=6.794000
J hip qpos=0.000000 qvel=0.000000
t=6.896000
J hip qpos=0.000000 qvel=0.000000
t=6.998000
J hip qpos=0.000000 qvel=0.000000
